{"/home/son/Expense_tracker/webapp/src/hooks/index.ts": {"path":"/home/son/Expense_tracker/webapp/src/hooks/index.ts","statementMap":{},"fnMap":{},"branchMap":{},"s":{},"f":{},"b":{},"meta":{"lastBranch":0,"lastFunction":0,"lastStatement":0,"seen":{}}}
,"/home/son/Expense_tracker/webapp/src/pages/HomePage.tsx": {"path":"/home/son/Expense_tracker/webapp/src/pages/HomePage.tsx","statementMap":{"0":{"start":{"line":3,"column":24},"end":{"line":23,"column":null}},"1":{"start":{"line":4,"column":43},"end":{"line":4,"column":null}},"2":{"start":{"line":6,"column":2},"end":{"line":21,"column":null}}},"fnMap":{"0":{"name":"(anonymous_0)","decl":{"start":{"line":3,"column":24},"end":{"line":3,"column":30}},"loc":{"start":{"line":3,"column":30},"end":{"line":23,"column":null}},"line":3}},"branchMap":{"0":{"loc":{"start":{"line":10,"column":10},"end":{"line":10,"column":96}},"type":"cond-expr","locations":[{"start":{"line":10,"column":26},"end":{"line":10,"column":57}},{"start":{"line":10,"column":57},"end":{"line":10,"column":96}}],"line":10},"1":{"loc":{"start":{"line":17,"column":9},"end":{"line":17,"column":null}},"type":"binary-expr","locations":[{"start":{"line":17,"column":9},"end":{"line":17,"column":24}},{"start":{"line":17,"column":24},"end":{"line":17,"column":null}}],"line":17}},"s":{"0":1,"1":3,"2":3},"f":{"0":3},"b":{"0":[0,3],"1":[3,0]},"meta":{"lastBranch":2,"lastFunction":1,"lastStatement":3,"seen":{"s:3:24:23:Infinity":0,"f:3:24:3:30":0,"s:4:43:4:Infinity":1,"s:6:2:21:Infinity":2,"b:10:26:10:57:10:57:10:96":0,"b:17:9:17:24:17:24:17:Infinity":1}}}
}
